<?xml version="1.0" encoding="UTF-8"?>
<testng-results ignored="0" total="1" passed="1" failed="0" skipped="0">
  <reporter-output>
  </reporter-output>
  <suite started-at="2024-09-14T19:23:28 IST" name="Suite" finished-at="2024-09-14T19:23:34 IST" duration-ms="6646">
    <groups>
      <group name="regression">
        <method signature="TC002_LoginTest.verfiy_login()[pri:0, instance:TestCases.TC002_LoginTest@27d4a09]" name="verfiy_login" class="TestCases.TC002_LoginTest"/>
      </group> <!-- regression -->
      <group name="sanity">
        <method signature="TC002_LoginTest.verfiy_login()[pri:0, instance:TestCases.TC002_LoginTest@27d4a09]" name="verfiy_login" class="TestCases.TC002_LoginTest"/>
      </group> <!-- sanity -->
    </groups>
    <test started-at="2024-09-14T19:23:28 IST" name="Test" finished-at="2024-09-14T19:23:34 IST" duration-ms="6646">
      <class name="TestCases.TC002_LoginTest">
        <test-method is-config="true" signature="setUp(java.lang.String,java.lang.String)[pri:0, instance:TestCases.TC002_LoginTest@27d4a09]" started-at="2024-09-14T19:23:28 IST" name="setUp" finished-at="2024-09-14T19:23:32 IST" duration-ms="4550" status="PASS">
          <params>
            <param index="0">
              <value>
                <![CDATA[Windows]]>
              </value>
            </param>
            <param index="1">
              <value>
                <![CDATA[chrome]]>
              </value>
            </param>
          </params>
          <reporter-output>
          </reporter-output>
        </test-method> <!-- setUp -->
        <test-method signature="verfiy_login()[pri:0, instance:TestCases.TC002_LoginTest@27d4a09]" started-at="2024-09-14T19:23:32 IST" name="verfiy_login" finished-at="2024-09-14T19:23:34 IST" duration-ms="1817" status="PASS">
          <reporter-output>
          </reporter-output>
        </test-method> <!-- verfiy_login -->
        <test-method is-config="true" signature="tearDown()[pri:0, instance:TestCases.TC002_LoginTest@27d4a09]" started-at="2024-09-14T19:23:34 IST" name="tearDown" finished-at="2024-09-14T19:23:34 IST" duration-ms="215" status="PASS">
          <reporter-output>
          </reporter-output>
        </test-method> <!-- tearDown -->
      </class> <!-- TestCases.TC002_LoginTest -->
    </test> <!-- Test -->
  </suite> <!-- Suite -->
</testng-results>
